<?xml version="1.0"?>
<testsuite name="Chrome 49.0.2623 (Mac OS X 10.11.4)" package="" timestamp="2016-05-09T21:51:43" id="0" hostname="sto-m-dene" tests="4" errors="0" failures="0" time="0.289">
  <properties>
    <property name="browser.fullName" value="Mozilla/5.0 (Macintosh; Intel Mac OS X 10_11_4) AppleWebKit/537.36 (KHTML, like Gecko) karma-runner/0.37.8 Chrome/49.0.2623.75 Electron/0.37.8 Safari/537.36"/>
  </properties>
  <testcase name="should be defined after injection" time="0.203" classname="Chrome_49_0_2623_(Mac_OS_X_10_11_4).AppComponent"/>
  <testcase name="should initialize Dashboard-route in Router" time="0" classname="Chrome_49_0_2623_(Mac_OS_X_10_11_4).AppComponent">
    <skipped/>
  </testcase>
  <testcase name="should be defined after injection" time="0.03" classname="Chrome_49_0_2623_(Mac_OS_X_10_11_4).AppComponent"/>
  <testcase name="should be defined after injection" time="0.056" classname="Chrome_49_0_2623_(Mac_OS_X_10_11_4).NavbarComponent"/>
  <system-out>
    <![CDATA[
]]>
  </system-out>
  <system-err/>
</testsuite>